<?xml version="1.0" encoding="UTF-8"?>
<!-- Generated by org.testng.reporters.JUnitReportReporter -->
<testsuite skipped="0" hostname="DESKTOP-E13KQM6" name="seleniumproj.Test2" tests="1" failures="0" timestamp="21 Jun 2022 17:31:05 GMT" time="9.614" errors="0">
  <testcase name="googleTest" time="9.614" classname="seleniumproj.Test2"/>
</testsuite> <!-- seleniumproj.Test2 -->
