<?xml version="1.0" encoding="UTF-8"?>
<!-- Generated by org.testng.reporters.JUnitReportReporter -->
<testsuite skipped="0" hostname="DESKTOP-E13KQM6" name="seleniumproj.Test1" tests="1" failures="0" timestamp="21 Jun 2022 17:32:25 GMT" time="0.024" errors="0">
  <testcase name="test1" time="0.024" classname="seleniumproj.Test1"/>
</testsuite> <!-- seleniumproj.Test1 -->
